<?xml version="1.0" encoding="UTF-8"?>
<testng-results skipped="0" failed="1" ignored="0" total="3" passed="2">
  <reporter-output>
  </reporter-output>
  <suite name="Suite" duration-ms="27262" started-at="2020-07-08T17:25:30 CDT" finished-at="2020-07-08T17:25:57 CDT">
    <groups>
    </groups>
    <test name="Validate Navigation bar" duration-ms="15859" started-at="2020-07-08T17:25:30 CDT" finished-at="2020-07-08T17:25:45 CDT">
      <class name="Academy.EndtoEnd.ValidateNavigationBar">
        <test-method status="PASS" signature="Before()[pri:0, instance:Academy.EndtoEnd.ValidateNavigationBar@4cc8eb05]" name="Before" is-config="true" duration-ms="12300" started-at="2020-07-08T17:25:30 CDT" finished-at="2020-07-08T17:25:42 CDT">
          <reporter-output>
          </reporter-output>
        </test-method> <!-- Before -->
        <test-method status="FAIL" signature="basepageNaviagation()[pri:0, instance:Academy.EndtoEnd.ValidateNavigationBar@4cc8eb05]" name="basepageNaviagation" duration-ms="1301" started-at="2020-07-08T17:25:42 CDT" finished-at="2020-07-08T17:25:43 CDT">
          <exception class="java.lang.AssertionError">
            <message>
              <![CDATA[expected [FEATURED COURSES2] but found [FEATURED COURSES]]]>
            </message>
            <full-stacktrace>
              <![CDATA[java.lang.AssertionError: expected [FEATURED COURSES2] but found [FEATURED COURSES]
at org.testng.Assert.fail(Assert.java:97)
at org.testng.Assert.assertEqualsImpl(Assert.java:136)
at org.testng.Assert.assertEquals(Assert.java:118)
at org.testng.Assert.assertEquals(Assert.java:575)
at org.testng.Assert.assertEquals(Assert.java:585)
at Academy.EndtoEnd.ValidateNavigationBar.basepageNaviagation(ValidateNavigationBar.java:27)
at sun.reflect.NativeMethodAccessorImpl.invoke0(Native Method)
at sun.reflect.NativeMethodAccessorImpl.invoke(NativeMethodAccessorImpl.java:62)
at sun.reflect.DelegatingMethodAccessorImpl.invoke(DelegatingMethodAccessorImpl.java:43)
at java.lang.reflect.Method.invoke(Method.java:498)
at org.testng.internal.MethodInvocationHelper.invokeMethod(MethodInvocationHelper.java:134)
at org.testng.internal.TestInvoker.invokeMethod(TestInvoker.java:597)
at org.testng.internal.TestInvoker.invokeTestMethod(TestInvoker.java:173)
at org.testng.internal.MethodRunner.runInSequence(MethodRunner.java:46)
at org.testng.internal.TestInvoker$MethodInvocationAgent.invoke(TestInvoker.java:816)
at org.testng.internal.TestInvoker.invokeTestMethods(TestInvoker.java:146)
at org.testng.internal.TestMethodWorker.invokeTestMethods(TestMethodWorker.java:146)
at org.testng.internal.TestMethodWorker.run(TestMethodWorker.java:128)
at java.util.ArrayList.forEach(ArrayList.java:1257)
at org.testng.TestRunner.privateRun(TestRunner.java:766)
at org.testng.TestRunner.run(TestRunner.java:587)
at org.testng.SuiteRunner.runTest(SuiteRunner.java:384)
at org.testng.SuiteRunner.access$000(SuiteRunner.java:28)
at org.testng.SuiteRunner$SuiteWorker.run(SuiteRunner.java:425)
at org.testng.internal.thread.ThreadUtil.lambda$execute$0(ThreadUtil.java:68)
at java.util.concurrent.FutureTask.run(FutureTask.java:266)
at java.util.concurrent.ThreadPoolExecutor.runWorker(ThreadPoolExecutor.java:1149)
at java.util.concurrent.ThreadPoolExecutor$Worker.run(ThreadPoolExecutor.java:624)
at java.lang.Thread.run(Thread.java:748)
]]>
            </full-stacktrace>
          </exception> <!-- java.lang.AssertionError -->
          <reporter-output>
          </reporter-output>
        </test-method> <!-- basepageNaviagation -->
        <test-method status="PASS" signature="Close()[pri:0, instance:Academy.EndtoEnd.ValidateNavigationBar@4cc8eb05]" name="Close" is-config="true" duration-ms="1299" started-at="2020-07-08T17:25:44 CDT" finished-at="2020-07-08T17:25:45 CDT">
          <reporter-output>
          </reporter-output>
        </test-method> <!-- Close -->
      </class> <!-- Academy.EndtoEnd.ValidateNavigationBar -->
    </test> <!-- Validate Navigation bar -->
    <test name="Home page" duration-ms="27262" started-at="2020-07-08T17:25:30 CDT" finished-at="2020-07-08T17:25:57 CDT">
      <class name="Academy.EndtoEnd.HomePage">
        <test-method status="PASS" signature="Before()[pri:0, instance:Academy.EndtoEnd.HomePage@4da4253]" name="Before" is-config="true" duration-ms="13543" started-at="2020-07-08T17:25:30 CDT" finished-at="2020-07-08T17:25:43 CDT">
          <reporter-output>
          </reporter-output>
        </test-method> <!-- Before -->
        <test-method status="PASS" signature="basepageNaviagation(java.lang.String, java.lang.String, java.lang.String)[pri:0, instance:Academy.EndtoEnd.HomePage@4da4253]" name="basepageNaviagation" duration-ms="6377" started-at="2020-07-08T17:25:43 CDT" data-provider="getData" finished-at="2020-07-08T17:25:49 CDT">
          <params>
            <param index="0">
              <value>
                <![CDATA[nonrestricteduser@qw.com]]>
              </value>
            </param>
            <param index="1">
              <value>
                <![CDATA[password1]]>
              </value>
            </param>
            <param index="2">
              <value>
                <![CDATA[Unrestricted user]]>
              </value>
            </param>
          </params>
          <reporter-output>
          </reporter-output>
        </test-method> <!-- basepageNaviagation -->
        <test-method status="PASS" signature="basepageNaviagation(java.lang.String, java.lang.String, java.lang.String)[pri:0, instance:Academy.EndtoEnd.HomePage@4da4253]" name="basepageNaviagation" duration-ms="3061" started-at="2020-07-08T17:25:49 CDT" data-provider="getData" finished-at="2020-07-08T17:25:53 CDT">
          <params>
            <param index="0">
              <value>
                <![CDATA[restricteduser@qw.com]]>
              </value>
            </param>
            <param index="1">
              <value>
                <![CDATA[password2]]>
              </value>
            </param>
            <param index="2">
              <value>
                <![CDATA[Restricted user]]>
              </value>
            </param>
          </params>
          <reporter-output>
          </reporter-output>
        </test-method> <!-- basepageNaviagation -->
        <test-method status="PASS" signature="Close()[pri:0, instance:Academy.EndtoEnd.HomePage@4da4253]" name="Close" is-config="true" duration-ms="4265" started-at="2020-07-08T17:25:53 CDT" finished-at="2020-07-08T17:25:57 CDT">
          <reporter-output>
          </reporter-output>
        </test-method> <!-- Close -->
      </class> <!-- Academy.EndtoEnd.HomePage -->
    </test> <!-- Home page -->
  </suite> <!-- Suite -->
</testng-results>
